<?xml version="1.0" encoding="UTF-8"?>
<testsuite name="io.confluent.developer.FileWritingRecordsHandlerTest" tests="1" skipped="0" failures="0" errors="0" timestamp="2024-04-08T22:33:12" hostname="L2MW45021K" time="0.006">
  <properties/>
  <testcase name="testProcess" classname="io.confluent.developer.FileWritingRecordsHandlerTest" time="0.006"/>
  <system-out><![CDATA[]]></system-out>
  <system-err><![CDATA[]]></system-err>
</testsuite>
