<?xml version="1.0" encoding="UTF-8"?>
<testsuite name="io.confluent.developer.KafkaConsumerApplicationTest" tests="1" skipped="0" failures="0" errors="0" timestamp="2024-04-08T22:33:12" hostname="L2MW45021K" time="0.011">
  <properties/>
  <testcase name="consumerTest" classname="io.confluent.developer.KafkaConsumerApplicationTest" time="0.011"/>
  <system-out><![CDATA[]]></system-out>
  <system-err><![CDATA[]]></system-err>
</testsuite>
